<?xml version="1.0" encoding="UTF-8"?>
<!-- Generated by org.testng.reporters.JUnitReportReporter -->
<testsuite hostname="DESKTOP-HEG1EMQ" name="TestNG.Expectedexception" tests="1" failures="0" timestamp="12 Jul 2018 04:35:26 GMT" time="0.007" errors="0">
  <testcase name="testngexceptionhandling" time="0.007" classname="TestNG.Expectedexception"/>
</testsuite> <!-- TestNG.Expectedexception -->
