<?xml version="1.0" encoding="UTF-8"?>
<!-- Generated by org.testng.reporters.JUnitReportReporter -->
<testsuite hostname="DESKTOP-HEG1EMQ" name="TestNG.PriorityTestcases" tests="3" failures="0" timestamp="12 Jul 2018 04:35:26 GMT" time="23.724" errors="0">
  <testcase name="friendlist" time="4.950" classname="TestNG.PriorityTestcases"/>
  <testcase name="login" time="10.606" classname="TestNG.PriorityTestcases"/>
  <testcase name="lunchbrowser" time="8.168" classname="TestNG.PriorityTestcases"/>
</testsuite> <!-- TestNG.PriorityTestcases -->
