<?xml version="1.0" encoding="UTF-8"?>
<!-- Generated by org.testng.reporters.JUnitReportReporter -->
<testsuite hostname="DESKTOP-HEG1EMQ" name="Datadriven.GmailReg" tests="3" failures="0" timestamp="13 Jul 2018 12:31:28 GMT" time="31.469" errors="0">
  <testcase name="gmailge" time="11.733" classname="Datadriven.GmailReg"/>
  <testcase name="gmailge" time="9.910" classname="Datadriven.GmailReg"/>
  <testcase name="gmailge" time="9.826" classname="Datadriven.GmailReg"/>
</testsuite> <!-- Datadriven.GmailReg -->
