<?xml version="1.0" encoding="UTF-8"?>
<!-- Generated by org.testng.reporters.JUnitReportReporter -->
<testsuite hostname="DESKTOP-HEG1EMQ" name="com.parameter.dataproviderdemo" tests="1" failures="0" timestamp="12 Jul 2018 11:44:52 GMT" time="1.240" errors="0">
  <testcase name="getdata" time="1.240" classname="com.parameter.dataproviderdemo"/>
</testsuite> <!-- com.parameter.dataproviderdemo -->
