<?xml version="1.0" encoding="UTF-8"?>
<!-- Generated by org.testng.reporters.JUnitReportReporter -->
<testsuite hostname="DESKTOP-HEG1EMQ" name="TestNG.Testngdepends" tests="13" failures="0" timestamp="12 Jul 2018 04:35:26 GMT" time="0.078" errors="0">
  <testcase name="A" time="0.002" classname="TestNG.Testngdepends"/>
  <testcase name="A" time="0.006" classname="TestNG.Testngdepends"/>
  <testcase name="A" time="0.004" classname="TestNG.Testngdepends"/>
  <testcase name="A" time="0.006" classname="TestNG.Testngdepends"/>
  <testcase name="C" time="0.002" classname="TestNG.Testngdepends"/>
  <testcase name="D" time="0.002" classname="TestNG.Testngdepends"/>
  <testcase name="A" time="0.006" classname="TestNG.Testngdepends"/>
  <testcase name="A" time="0.003" classname="TestNG.Testngdepends"/>
  <testcase name="A" time="0.007" classname="TestNG.Testngdepends"/>
  <testcase name="A" time="0.007" classname="TestNG.Testngdepends"/>
  <testcase name="A" time="0.023" classname="TestNG.Testngdepends"/>
  <testcase name="A" time="0.008" classname="TestNG.Testngdepends"/>
  <testcase name="B" time="0.002" classname="TestNG.Testngdepends"/>
</testsuite> <!-- TestNG.Testngdepends -->
