<?xml version="1.0" encoding="UTF-8"?>
<!-- Generated by org.testng.reporters.JUnitReportReporter -->
<testsuite skipped="0" hostname="DESKTOP-HEG1EMQ" name="com.crm.qa.testcases.LoginPageTest" tests="3" failures="0" timestamp="21 Jul 2018 07:06:12 GMT" time="41.709" errors="0">
  <testcase name="verifyTitleTest" time="12.538" classname="com.crm.qa.testcases.LoginPageTest"/>
  <testcase name="verifyLogTest" time="11.681" classname="com.crm.qa.testcases.LoginPageTest"/>
  <testcase name="Logintest" time="17.490" classname="com.crm.qa.testcases.LoginPageTest"/>
</testsuite> <!-- com.crm.qa.testcases.LoginPageTest -->
