<?xml version="1.0" encoding="UTF-8"?>
<!-- Generated by org.testng.reporters.JUnitReportReporter -->
<testsuite hostname="DESKTOP-HEG1EMQ" name="com.parameter.parametertest" tests="1" failures="0" timestamp="12 Jul 2018 06:08:57 GMT" time="15.452" errors="0">
  <testcase name="login" time="15.452" classname="com.parameter.parametertest"/>
</testsuite> <!-- com.parameter.parametertest -->
